# JRE version: OpenJDK Runtime Environment (11.0.12+7) (build 11.0.12+7-b1504.28-7817840)
# Java VM: OpenJDK 64-Bit Server VM (11.0.12+7-b1504.28-7817840, mixed mode, tiered, compressed oops, g1 gc, windows-amd64)
Heap:
 garbage-first heap   total 155648K, used 96064K [0x0000000080000000, 0x0000000100000000)
  region size 1024K, 2 young (2048K), 2 survivors (2048K)
 Metaspace       used 45726K, capacity 47090K, committed 47440K, reserved 1091584K
  class space    used 5865K, capacity 6301K, committed 6400K, reserved 1048576K
GC Heap History (20 events):
Event: 21.560 GC heap after
{Heap after GC invocations=26 (full 0):
 garbage-first heap   total 129024K, used 84056K [0x0000000080000000, 0x0000000100000000)
  region size 1024K, 3 young (3072K), 3 survivors (3072K)
 Metaspace       used 45726K, capacity 47090K, committed 47440K, reserved 1091584K
  class space    used 5865K, capacity 6301K, committed 6400K, reserved 1048576K
}
Event: 21.591 GC heap before
{Heap before GC invocations=26 (full 0):
 garbage-first heap   total 129024K, used 87128K [0x0000000080000000, 0x0000000100000000)
  region size 1024K, 6 young (6144K), 3 survivors (3072K)
 Metaspace       used 45726K, capacity 47090K, committed 47440K, reserved 1091584K
  class space    used 5865K, capacity 6301K, committed 6400K, reserved 1048576K
}
Event: 21.594 GC heap after
{Heap after GC invocations=27 (full 0):
 garbage-first heap   total 129024K, used 79664K [0x0000000080000000, 0x0000000100000000)
  region size 1024K, 1 young (1024K), 1 survivors (1024K)
 Metaspace       used 45726K, capacity 47090K, committed 47440K, reserved 1091584K
  class space    used 5865K, capacity 6301K, committed 6400K, reserved 1048576K
}
Event: 21.847 GC heap before
{Heap before GC invocations=27 (full 0):
 garbage-first heap   total 129024K, used 98096K [0x0000000080000000, 0x0000000100000000)
  region size 1024K, 19 young (19456K), 1 survivors (1024K)
 Metaspace       used 45726K, capacity 47090K, committed 47440K, reserved 1091584K
  class space    used 5865K, capacity 6301K, committed 6400K, reserved 1048576K
}
Event: 21.850 GC heap after
{Heap after GC invocations=28 (full 0):
 garbage-first heap   total 129024K, used 86214K [0x0000000080000000, 0x0000000100000000)
  region size 1024K, 3 young (3072K), 3 survivors (3072K)
 Metaspace       used 45726K, capacity 47090K, committed 47440K, reserved 1091584K
  class space    used 5865K, capacity 6301K, committed 6400K, reserved 1048576K
}
Event: 22.030 GC heap before
{Heap before GC invocations=29 (full 0):
 garbage-first heap   total 129024K, used 98502K [0x0000000080000000, 0x0000000100000000)
  region size 1024K, 17 young (17408K), 3 survivors (3072K)
 Metaspace       used 45726K, capacity 47090K, committed 47440K, reserved 1091584K
  class space    used 5865K, capacity 6301K, committed 6400K, reserved 1048576K
}
Event: 22.033 GC heap after
{Heap after GC invocations=30 (full 0):
 garbage-first heap   total 129024K, used 87238K [0x0000000080000000, 0x0000000100000000)
  region size 1024K, 3 young (3072K), 3 survivors (3072K)
 Metaspace       used 45726K, capacity 47090K, committed 47440K, reserved 1091584K
  class space    used 5865K, capacity 6301K, committed 6400K, reserved 1048576K
}
Event: 22.088 GC heap before
{Heap before GC invocations=30 (full 0):
 garbage-first heap   total 129024K, used 90310K [0x0000000080000000, 0x0000000100000000)
  region size 1024K, 6 young (6144K), 3 survivors (3072K)
 Metaspace       used 45726K, capacity 47090K, committed 47440K, reserved 1091584K
  class space    used 5865K, capacity 6301K, committed 6400K, reserved 1048576K
}
Event: 22.090 GC heap after
{Heap after GC invocations=31 (full 0):
 garbage-first heap   total 129024K, used 73853K [0x0000000080000000, 0x0000000100000000)
  region size 1024K, 1 young (1024K), 1 survivors (1024K)
 Metaspace       used 45726K, capacity 47090K, committed 47440K, reserved 1091584K
  class space    used 5865K, capacity 6301K, committed 6400K, reserved 1048576K
}
Event: 22.139 GC heap before
{Heap before GC invocations=31 (full 0):
 garbage-first heap   total 129024K, used 78973K [0x0000000080000000, 0x0000000100000000)
  region size 1024K, 6 young (6144K), 1 survivors (1024K)
 Metaspace       used 45726K, capacity 47090K, committed 47440K, reserved 1091584K
  class space    used 5865K, capacity 6301K, committed 6400K, reserved 1048576K
}
Event: 22.141 GC heap after
{Heap after GC invocations=32 (full 0):
 garbage-first heap   total 129024K, used 69967K [0x0000000080000000, 0x0000000100000000)
  region size 1024K, 1 young (1024K), 1 survivors (1024K)
 Metaspace       used 45726K, capacity 47090K, committed 47440K, reserved 1091584K
  class space    used 5865K, capacity 6301K, committed 6400K, reserved 1048576K
}
Event: 22.434 GC heap before
{Heap before GC invocations=32 (full 0):
 garbage-first heap   total 129024K, used 96591K [0x0000000080000000, 0x0000000100000000)
  region size 1024K, 27 young (27648K), 1 survivors (1024K)
 Metaspace       used 45726K, capacity 47090K, committed 47440K, reserved 1091584K
  class space    used 5865K, capacity 6301K, committed 6400K, reserved 1048576K
}
Event: 22.438 GC heap after
{Heap after GC invocations=33 (full 0):
 garbage-first heap   total 129024K, used 78694K [0x0000000080000000, 0x0000000100000000)
  region size 1024K, 4 young (4096K), 4 survivors (4096K)
 Metaspace       used 45726K, capacity 47090K, committed 47440K, reserved 1091584K
  class space    used 5865K, capacity 6301K, committed 6400K, reserved 1048576K
}
Event: 22.620 GC heap before
{Heap before GC invocations=33 (full 0):
 garbage-first heap   total 129024K, used 98150K [0x0000000080000000, 0x0000000100000000)
  region size 1024K, 23 young (23552K), 4 survivors (4096K)
 Metaspace       used 45726K, capacity 47090K, committed 47440K, reserved 1091584K
  class space    used 5865K, capacity 6301K, committed 6400K, reserved 1048576K
}
Event: 22.623 GC heap after
{Heap after GC invocations=34 (full 0):
 garbage-first heap   total 129024K, used 82509K [0x0000000080000000, 0x0000000100000000)
  region size 1024K, 3 young (3072K), 3 survivors (3072K)
 Metaspace       used 45726K, capacity 47090K, committed 47440K, reserved 1091584K
  class space    used 5865K, capacity 6301K, committed 6400K, reserved 1048576K
}
Event: 22.773 GC heap before
{Heap before GC invocations=34 (full 0):
 garbage-first heap   total 129024K, used 99917K [0x0000000080000000, 0x0000000100000000)
  region size 1024K, 20 young (20480K), 3 survivors (3072K)
 Metaspace       used 45726K, capacity 47090K, committed 47440K, reserved 1091584K
  class space    used 5865K, capacity 6301K, committed 6400K, reserved 1048576K
}
Event: 22.776 GC heap after
{Heap after GC invocations=35 (full 0):
 garbage-first heap   total 129024K, used 87409K [0x0000000080000000, 0x0000000100000000)
  region size 1024K, 3 young (3072K), 3 survivors (3072K)
 Metaspace       used 45726K, capacity 47090K, committed 47440K, reserved 1091584K
  class space    used 5865K, capacity 6301K, committed 6400K, reserved 1048576K
}
Event: 22.893 GC heap before
{Heap before GC invocations=35 (full 0):
 garbage-first heap   total 129024K, used 101745K [0x0000000080000000, 0x0000000100000000)
  region size 1024K, 17 young (17408K), 3 survivors (3072K)
 Metaspace       used 45726K, capacity 47090K, committed 47440K, reserved 1091584K
  class space    used 5865K, capacity 6301K, committed 6400K, reserved 1048576K
}
Event: 22.896 GC heap after
{Heap after GC invocations=36 (full 0):
 garbage-first heap   total 129024K, used 92093K [0x0000000080000000, 0x0000000100000000)
  region size 1024K, 3 young (3072K), 3 survivors (3072K)
 Metaspace       used 45726K, capacity 47090K, committed 47440K, reserved 1091584K
  class space    used 5865K, capacity 6301K, committed 6400K, reserved 1048576K
}
Event: 23.008 GC heap before
{Heap before GC invocations=36 (full 0):
 garbage-first heap   total 129024K, used 103357K [0x0000000080000000, 0x0000000100000000)
  region size 1024K, 15 young (15360K), 3 survivors (3072K)
 Metaspace       used 45726K, capacity 47090K, committed 47440K, reserved 1091584K
  class space    used 5865K, capacity 6301K, committed 6400K, reserved 1048576K
}

