# JRE version: OpenJDK Runtime Environment (11.0.12+7) (build 11.0.12+7-b1504.28-7817840)
# Java VM: OpenJDK 64-Bit Server VM (11.0.12+7-b1504.28-7817840, mixed mode, tiered, compressed oops, g1 gc, windows-amd64)
Heap:
 garbage-first heap   total 155648K, used 98345K [0x0000000080000000, 0x0000000100000000)
  region size 1024K, 43 young (44032K), 6 survivors (6144K)
 Metaspace       used 57740K, capacity 59270K, committed 59392K, reserved 1101824K
  class space    used 7179K, capacity 7653K, committed 7680K, reserved 1048576K
GC Heap History (20 events):
Event: 3.457 GC heap before
{Heap before GC invocations=4 (full 0):
 garbage-first heap   total 129024K, used 70686K [0x0000000080000000, 0x0000000100000000)
  region size 1024K, 49 young (50176K), 1 survivors (1024K)
 Metaspace       used 26200K, capacity 26836K, committed 26880K, reserved 1073152K
  class space    used 3330K, capacity 3564K, committed 3584K, reserved 1048576K
}
Event: 3.461 GC heap after
{Heap after GC invocations=5 (full 0):
 garbage-first heap   total 129024K, used 25217K [0x0000000080000000, 0x0000000100000000)
  region size 1024K, 4 young (4096K), 4 survivors (4096K)
 Metaspace       used 26200K, capacity 26836K, committed 26880K, reserved 1073152K
  class space    used 3330K, capacity 3564K, committed 3584K, reserved 1048576K
}
Event: 4.163 GC heap before
{Heap before GC invocations=5 (full 0):
 garbage-first heap   total 129024K, used 78465K [0x0000000080000000, 0x0000000100000000)
  region size 1024K, 54 young (55296K), 4 survivors (4096K)
 Metaspace       used 34542K, capacity 35416K, committed 35584K, reserved 1079296K
  class space    used 4419K, capacity 4749K, committed 4864K, reserved 1048576K
}
Event: 4.171 GC heap after
{Heap after GC invocations=6 (full 0):
 garbage-first heap   total 129024K, used 34295K [0x0000000080000000, 0x0000000100000000)
  region size 1024K, 7 young (7168K), 7 survivors (7168K)
 Metaspace       used 34542K, capacity 35416K, committed 35584K, reserved 1079296K
  class space    used 4419K, capacity 4749K, committed 4864K, reserved 1048576K
}
Event: 4.768 GC heap before
{Heap before GC invocations=7 (full 0):
 garbage-first heap   total 129024K, used 86519K [0x0000000080000000, 0x0000000100000000)
  region size 1024K, 56 young (57344K), 7 survivors (7168K)
 Metaspace       used 41941K, capacity 42805K, committed 43008K, reserved 1087488K
  class space    used 5209K, capacity 5523K, committed 5632K, reserved 1048576K
}
Event: 4.775 GC heap after
{Heap after GC invocations=8 (full 0):
 garbage-first heap   total 155648K, used 38825K [0x0000000080000000, 0x0000000100000000)
  region size 1024K, 5 young (5120K), 5 survivors (5120K)
 Metaspace       used 41941K, capacity 42805K, committed 43008K, reserved 1087488K
  class space    used 5209K, capacity 5523K, committed 5632K, reserved 1048576K
}
Event: 5.508 GC heap before
{Heap before GC invocations=8 (full 0):
 garbage-first heap   total 155648K, used 98217K [0x0000000080000000, 0x0000000100000000)
  region size 1024K, 63 young (64512K), 5 survivors (5120K)
 Metaspace       used 46174K, capacity 47300K, committed 47360K, reserved 1091584K
  class space    used 5729K, capacity 6114K, committed 6144K, reserved 1048576K
}
Event: 5.516 GC heap after
{Heap after GC invocations=9 (full 0):
 garbage-first heap   total 155648K, used 43211K [0x0000000080000000, 0x0000000100000000)
  region size 1024K, 5 young (5120K), 5 survivors (5120K)
 Metaspace       used 46174K, capacity 47300K, committed 47360K, reserved 1091584K
  class space    used 5729K, capacity 6114K, committed 6144K, reserved 1048576K
}
Event: 6.442 GC heap before
{Heap before GC invocations=9 (full 0):
 garbage-first heap   total 155648K, used 103627K [0x0000000080000000, 0x0000000100000000)
  region size 1024K, 64 young (65536K), 5 survivors (5120K)
 Metaspace       used 51182K, capacity 52607K, committed 52736K, reserved 1095680K
  class space    used 6421K, capacity 6832K, committed 6912K, reserved 1048576K
}
Event: 6.449 GC heap after
{Heap after GC invocations=10 (full 0):
 garbage-first heap   total 155648K, used 46998K [0x0000000080000000, 0x0000000100000000)
  region size 1024K, 8 young (8192K), 8 survivors (8192K)
 Metaspace       used 51182K, capacity 52607K, committed 52736K, reserved 1095680K
  class space    used 6421K, capacity 6832K, committed 6912K, reserved 1048576K
}
Event: 82.064 GC heap before
{Heap before GC invocations=10 (full 0):
 garbage-first heap   total 155648K, used 108438K [0x0000000080000000, 0x0000000100000000)
  region size 1024K, 69 young (70656K), 8 survivors (8192K)
 Metaspace       used 56721K, capacity 58166K, committed 58368K, reserved 1099776K
  class space    used 7093K, capacity 7571K, committed 7680K, reserved 1048576K
}
Event: 82.121 GC heap after
{Heap after GC invocations=11 (full 0):
 garbage-first heap   total 155648K, used 49349K [0x0000000080000000, 0x0000000100000000)
  region size 1024K, 7 young (7168K), 7 survivors (7168K)
 Metaspace       used 56721K, capacity 58166K, committed 58368K, reserved 1099776K
  class space    used 7093K, capacity 7571K, committed 7680K, reserved 1048576K
}
Event: 169.610 GC heap before
{Heap before GC invocations=11 (full 0):
 garbage-first heap   total 155648K, used 110789K [0x0000000080000000, 0x0000000100000000)
  region size 1024K, 68 young (69632K), 7 survivors (7168K)
 Metaspace       used 56748K, capacity 58231K, committed 58368K, reserved 1099776K
  class space    used 7093K, capacity 7571K, committed 7680K, reserved 1048576K
}
Event: 170.343 GC heap after
{Heap after GC invocations=12 (full 0):
 garbage-first heap   total 155648K, used 49520K [0x0000000080000000, 0x0000000100000000)
  region size 1024K, 3 young (3072K), 3 survivors (3072K)
 Metaspace       used 56748K, capacity 58231K, committed 58368K, reserved 1099776K
  class space    used 7093K, capacity 7571K, committed 7680K, reserved 1048576K
}
Event: 180.300 GC heap before
{Heap before GC invocations=12 (full 0):
 garbage-first heap   total 155648K, used 103792K [0x0000000080000000, 0x0000000100000000)
  region size 1024K, 57 young (58368K), 3 survivors (3072K)
 Metaspace       used 56997K, capacity 58444K, committed 58624K, reserved 1099776K
  class space    used 7107K, capacity 7575K, committed 7680K, reserved 1048576K
}
Event: 180.318 GC heap after
{Heap after GC invocations=13 (full 0):
 garbage-first heap   total 155648K, used 57817K [0x0000000080000000, 0x0000000100000000)
  region size 1024K, 8 young (8192K), 8 survivors (8192K)
 Metaspace       used 56997K, capacity 58444K, committed 58624K, reserved 1099776K
  class space    used 7107K, capacity 7575K, committed 7680K, reserved 1048576K
}
Event: 180.685 GC heap before
{Heap before GC invocations=13 (full 0):
 garbage-first heap   total 155648K, used 116185K [0x0000000080000000, 0x0000000100000000)
  region size 1024K, 64 young (65536K), 8 survivors (8192K)
 Metaspace       used 57027K, capacity 58444K, committed 58624K, reserved 1099776K
  class space    used 7108K, capacity 7575K, committed 7680K, reserved 1048576K
}
Event: 180.714 GC heap after
{Heap after GC invocations=14 (full 0):
 garbage-first heap   total 155648K, used 64612K [0x0000000080000000, 0x0000000100000000)
  region size 1024K, 8 young (8192K), 8 survivors (8192K)
 Metaspace       used 57027K, capacity 58444K, committed 58624K, reserved 1099776K
  class space    used 7108K, capacity 7575K, committed 7680K, reserved 1048576K
}
Event: 181.077 GC heap before
{Heap before GC invocations=14 (full 0):
 garbage-first heap   total 155648K, used 116836K [0x0000000080000000, 0x0000000100000000)
  region size 1024K, 59 young (60416K), 8 survivors (8192K)
 Metaspace       used 57028K, capacity 58444K, committed 58624K, reserved 1099776K
  class space    used 7109K, capacity 7575K, committed 7680K, reserved 1048576K
}
Event: 181.084 GC heap after
{Heap after GC invocations=15 (full 0):
 garbage-first heap   total 155648K, used 61481K [0x0000000080000000, 0x0000000100000000)
  region size 1024K, 6 young (6144K), 6 survivors (6144K)
 Metaspace       used 57028K, capacity 58444K, committed 58624K, reserved 1099776K
  class space    used 7109K, capacity 7575K, committed 7680K, reserved 1048576K
}

